18:32:16: Hello, world!
18:32:16: Timeout expired. No event.
18:32:16: Timeout expired. No event.
18:32:16: Timeout expired. No event.
18:32:16: Timeout expired. No event.
18:32:16: Timeout expired. No event.
18:32:16: Timeout expired. No event.
18:32:16: Timeout expired. No event.
18:32:17: Timeout expired. No event.
18:32:17: Timeout expired. No event.
18:32:17: Timeout expired. No event.
18:32:17: Timeout expired. No event.
18:32:17: Timeout expired. No event.
18:32:17: Timeout expired. No event.
18:32:17: Timeout expired. No event.
18:32:17: Timeout expired. No event.
18:32:17: Timeout expired. No event.
18:32:17: Timeout expired. No event.
18:32:18: Timeout expired. No event.
18:32:18: Timeout expired. No event.
18:32:18: Timeout expired. No event.
18:32:18: Timeout expired. No event.
18:32:18: Timeout expired. No event.
18:32:18: Timeout expired. No event.
18:32:18: Timeout expired. No event.
18:32:18: Timeout expired. No event.
18:32:18: Timeout expired. No event.
18:32:18: Timeout expired. No event.
18:32:19: Timeout expired. No event.
18:32:19: Timeout expired. No event.
18:32:19: Timeout expired. No event.
18:32:19: Timeout expired. No event.
18:32:19: Timeout expired. No event.
18:32:19: Timeout expired. No event.
18:32:19: Timeout expired. No event.
18:32:19: Timeout expired. No event.
18:32:19: Timeout expired. No event.
18:32:19: Timeout expired. No event.
18:32:20: Timeout expired. No event.
18:32:20: Timeout expired. No event.
18:32:20: Timeout expired. No event.
18:32:20: Timeout expired. No event.
18:32:20: Timeout expired. No event.
18:32:20: Timeout expired. No event.
18:32:20: Timeout expired. No event.
18:32:20: Timeout expired. No event.
18:32:20: Timeout expired. No event.
18:32:20: Timeout expired. No event.
18:32:21: Timeout expired. No event.
18:32:21: Timeout expired. No event.
18:32:21: Timeout expired. No event.
18:32:21: Timeout expired. No event.
18:32:21: Timeout expired. No event.
18:32:21: Timeout expired. No event.
18:32:21: Timeout expired. No event.
18:32:21: Timeout expired. No event.
18:32:21: Timeout expired. No event.
18:32:22: Timeout expired. No event.
18:32:22: Timeout expired. No event.
18:32:22: Timeout expired. No event.
18:32:22: Timeout expired. No event.
18:32:22: Timeout expired. No event.
18:32:22: Timeout expired. No event.
18:32:22: Timeout expired. No event.
18:32:22: Timeout expired. No event.
18:32:22: Timeout expired. No event.
18:32:22: Timeout expired. No event.
18:32:23: Timeout expired. No event.
18:32:23: Timeout expired. No event.
18:32:23: Timeout expired. No event.
18:32:23: Timeout expired. No event.
18:32:23: Timeout expired. No event.
18:32:23: Timeout expired. No event.
18:32:23: Timeout expired. No event.
18:32:23: Timeout expired. No event.
18:32:23: Timeout expired. No event.
18:32:23: Timeout expired. No event.
18:32:24: Timeout expired. No event.
18:32:24: Timeout expired. No event.
18:32:24: Timeout expired. No event.
18:32:24: Timeout expired. No event.
18:32:24: Timeout expired. No event.
18:32:24: Timeout expired. No event.
18:32:24: Timeout expired. No event.
18:32:24: Timeout expired. No event.
18:32:24: Timeout expired. No event.
18:32:24: Got event
18:32:28: Editing
18:32:28: Got key event
18:32:28: Got Esc key event
18:32:28: Got event
18:32:29: Not editing
18:32:29: Got key event
18:32:29: Got Esc key event. Exiting application.
