18:17:01: Hello, world!
18:17:01: Timeout expired. No event.
18:17:01: Timeout expired. No event.
18:17:01: Timeout expired. No event.
18:17:01: Timeout expired. No event.
18:17:01: Timeout expired. No event.
18:17:02: Timeout expired. No event.
18:17:02: Timeout expired. No event.
18:17:02: Timeout expired. No event.
18:17:02: Timeout expired. No event.
18:17:02: Timeout expired. No event.
18:17:02: Timeout expired. No event.
18:17:02: Timeout expired. No event.
18:17:02: Timeout expired. No event.
18:17:02: Timeout expired. No event.
18:17:02: Timeout expired. No event.
18:17:03: Timeout expired. No event.
18:17:03: Timeout expired. No event.
18:17:03: Timeout expired. No event.
18:17:03: Timeout expired. No event.
18:17:03: Timeout expired. No event.
18:17:03: Timeout expired. No event.
18:17:03: Timeout expired. No event.
18:17:03: Timeout expired. No event.
18:17:03: Timeout expired. No event.
18:17:03: Timeout expired. No event.
18:17:04: Timeout expired. No event.
18:17:04: Timeout expired. No event.
18:17:04: Timeout expired. No event.
18:17:04: Timeout expired. No event.
18:17:04: Timeout expired. No event.
18:17:04: Timeout expired. No event.
18:17:04: Timeout expired. No event.
18:17:04: Timeout expired. No event.
18:17:04: Timeout expired. No event.
18:17:04: Timeout expired. No event.
18:17:05: Timeout expired. No event.
18:17:05: Timeout expired. No event.
18:17:05: Timeout expired. No event.
18:17:05: Timeout expired. No event.
18:17:05: Timeout expired. No event.
18:17:05: Timeout expired. No event.
18:17:05: Timeout expired. No event.
18:17:05: Timeout expired. No event.
18:17:05: Timeout expired. No event.
18:17:05: Timeout expired. No event.
18:17:06: Timeout expired. No event.
18:17:06: Timeout expired. No event.
18:17:06: Timeout expired. No event.
18:17:06: Timeout expired. No event.
18:17:06: Timeout expired. No event.
18:17:06: Timeout expired. No event.
18:17:06: Timeout expired. No event.
18:17:06: Timeout expired. No event.
18:17:06: Timeout expired. No event.
18:17:06: Timeout expired. No event.
18:17:07: Timeout expired. No event.
18:17:07: Timeout expired. No event.
18:17:07: Timeout expired. No event.
18:17:07: Timeout expired. No event.
18:17:07: Timeout expired. No event.
18:17:07: Timeout expired. No event.
18:17:07: Timeout expired. No event.
18:17:07: Timeout expired. No event.
18:17:07: Timeout expired. No event.
18:17:07: Timeout expired. No event.
18:17:08: Timeout expired. No event.
18:17:08: Timeout expired. No event.
18:17:08: Timeout expired. No event.
18:17:08: Timeout expired. No event.
18:17:08: Timeout expired. No event.
18:17:08: Timeout expired. No event.
18:17:08: Timeout expired. No event.
18:17:08: Timeout expired. No event.
18:17:08: Timeout expired. No event.
18:17:09: Timeout expired. No event.
18:17:09: Timeout expired. No event.
18:17:09: Timeout expired. No event.
18:17:09: Timeout expired. No event.
18:17:09: Timeout expired. No event.
18:17:09: Timeout expired. No event.
18:17:09: Timeout expired. No event.
18:17:09: Timeout expired. No event.
18:17:09: Timeout expired. No event.
18:17:09: Timeout expired. No event.
18:17:10: Timeout expired. No event.
18:17:10: Timeout expired. No event.
18:17:10: Timeout expired. No event.
18:17:10: Timeout expired. No event.
18:17:10: Timeout expired. No event.
18:17:10: Timeout expired. No event.
18:17:10: Timeout expired. No event.
18:17:10: Timeout expired. No event.
18:17:10: Timeout expired. No event.
18:17:10: Timeout expired. No event.
18:17:11: Timeout expired. No event.
18:17:11: Timeout expired. No event.
18:17:11: Timeout expired. No event.
18:17:11: Timeout expired. No event.
18:17:11: Timeout expired. No event.
18:17:11: Timeout expired. No event.
18:17:11: Timeout expired. No event.
18:17:11: Timeout expired. No event.
18:17:11: Timeout expired. No event.
18:17:11: Timeout expired. No event.
18:17:12: Timeout expired. No event.
18:17:12: Timeout expired. No event.
18:17:12: Timeout expired. No event.
18:17:12: Timeout expired. No event.
18:17:12: Timeout expired. No event.
18:17:12: Timeout expired. No event.
18:17:12: Timeout expired. No event.
18:17:12: Timeout expired. No event.
18:17:12: Timeout expired. No event.
18:17:12: Timeout expired. No event.
18:17:13: Timeout expired. No event.
18:17:13: Timeout expired. No event.
18:17:13: Timeout expired. No event.
18:17:13: Timeout expired. No event.
18:17:13: Timeout expired. No event.
18:17:13: Timeout expired. No event.
18:17:13: Timeout expired. No event.
18:17:13: Timeout expired. No event.
18:17:13: Timeout expired. No event.
18:17:13: Timeout expired. No event.
18:17:14: Timeout expired. No event.
18:17:14: Timeout expired. No event.
18:17:14: Timeout expired. No event.
18:17:14: Timeout expired. No event.
18:17:14: Timeout expired. No event.
18:17:14: Timeout expired. No event.
18:17:14: Timeout expired. No event.
18:17:14: Timeout expired. No event.
18:17:14: Timeout expired. No event.
18:17:14: Timeout expired. No event.
18:17:15: Timeout expired. No event.
18:17:15: Timeout expired. No event.
18:17:15: Timeout expired. No event.
18:17:15: Timeout expired. No event.
18:17:15: Timeout expired. No event.
18:17:15: Timeout expired. No event.
18:17:15: Timeout expired. No event.
18:17:15: Timeout expired. No event.
18:17:15: Timeout expired. No event.
18:17:16: Timeout expired. No event.
18:17:16: Timeout expired. No event.
18:17:16: Timeout expired. No event.
18:17:16: Timeout expired. No event.
18:17:16: Timeout expired. No event.
18:17:16: Got event
18:17:17: Editing
18:17:17: Got key event
18:17:17: Got Esc key event
18:17:17: Got event
18:17:18: Not editing
18:17:18: Got key event
18:17:18: Got Esc key event. Exiting application.
