18:21:17: Hello, world!
18:21:17: Timeout expired. No event.
18:21:17: Timeout expired. No event.
18:21:17: Timeout expired. No event.
18:21:17: Timeout expired. No event.
18:21:17: Timeout expired. No event.
18:21:18: Timeout expired. No event.
18:21:18: Timeout expired. No event.
18:21:18: Timeout expired. No event.
18:21:18: Timeout expired. No event.
18:21:18: Timeout expired. No event.
18:21:18: Timeout expired. No event.
18:21:18: Timeout expired. No event.
18:21:18: Timeout expired. No event.
18:21:18: Timeout expired. No event.
18:21:18: Timeout expired. No event.
18:21:19: Timeout expired. No event.
18:21:19: Timeout expired. No event.
18:21:19: Timeout expired. No event.
18:21:19: Timeout expired. No event.
18:21:19: Timeout expired. No event.
18:21:19: Timeout expired. No event.
18:21:19: Timeout expired. No event.
18:21:19: Timeout expired. No event.
18:21:19: Timeout expired. No event.
18:21:19: Timeout expired. No event.
18:21:20: Timeout expired. No event.
18:21:20: Timeout expired. No event.
18:21:20: Timeout expired. No event.
18:21:20: Timeout expired. No event.
18:21:20: Timeout expired. No event.
18:21:20: Timeout expired. No event.
18:21:20: Timeout expired. No event.
18:21:20: Timeout expired. No event.
18:21:20: Timeout expired. No event.
18:21:20: Timeout expired. No event.
18:21:21: Timeout expired. No event.
18:21:21: Timeout expired. No event.
18:21:21: Timeout expired. No event.
18:21:21: Timeout expired. No event.
18:21:21: Timeout expired. No event.
18:21:21: Timeout expired. No event.
18:21:21: Timeout expired. No event.
18:21:21: Timeout expired. No event.
18:21:21: Timeout expired. No event.
18:21:21: Timeout expired. No event.
18:21:22: Timeout expired. No event.
18:21:22: Timeout expired. No event.
18:21:22: Timeout expired. No event.
18:21:22: Timeout expired. No event.
18:21:22: Timeout expired. No event.
18:21:22: Timeout expired. No event.
18:21:22: Timeout expired. No event.
18:21:22: Timeout expired. No event.
18:21:22: Timeout expired. No event.
18:21:22: Timeout expired. No event.
18:21:23: Timeout expired. No event.
18:21:23: Timeout expired. No event.
18:21:23: Timeout expired. No event.
18:21:23: Timeout expired. No event.
18:21:23: Timeout expired. No event.
18:21:23: Timeout expired. No event.
18:21:23: Timeout expired. No event.
18:21:23: Timeout expired. No event.
18:21:23: Timeout expired. No event.
18:21:23: Timeout expired. No event.
18:21:24: Timeout expired. No event.
18:21:24: Timeout expired. No event.
18:21:24: Timeout expired. No event.
18:21:24: Timeout expired. No event.
18:21:24: Timeout expired. No event.
18:21:24: Timeout expired. No event.
18:21:24: Timeout expired. No event.
18:21:24: Timeout expired. No event.
18:21:24: Timeout expired. No event.
18:21:24: Timeout expired. No event.
18:21:25: Timeout expired. No event.
18:21:25: Timeout expired. No event.
18:21:25: Timeout expired. No event.
18:21:25: Timeout expired. No event.
18:21:25: Timeout expired. No event.
18:21:25: Timeout expired. No event.
18:21:25: Timeout expired. No event.
18:21:25: Timeout expired. No event.
18:21:25: Timeout expired. No event.
18:21:25: Timeout expired. No event.
18:21:26: Timeout expired. No event.
18:21:26: Timeout expired. No event.
18:21:26: Timeout expired. No event.
18:21:26: Timeout expired. No event.
18:21:26: Timeout expired. No event.
18:21:26: Timeout expired. No event.
18:21:26: Timeout expired. No event.
18:21:26: Timeout expired. No event.
18:21:26: Timeout expired. No event.
18:21:27: Timeout expired. No event.
18:21:27: Timeout expired. No event.
18:21:27: Timeout expired. No event.
18:21:27: Timeout expired. No event.
18:21:27: Timeout expired. No event.
18:21:27: Timeout expired. No event.
18:21:27: Timeout expired. No event.
18:21:27: Timeout expired. No event.
18:21:27: Timeout expired. No event.
18:21:27: Timeout expired. No event.
18:21:28: Timeout expired. No event.
18:21:28: Timeout expired. No event.
18:21:28: Timeout expired. No event.
18:21:28: Timeout expired. No event.
18:21:28: Timeout expired. No event.
18:21:28: Timeout expired. No event.
18:21:28: Timeout expired. No event.
18:21:28: Timeout expired. No event.
18:21:28: Timeout expired. No event.
18:21:28: Timeout expired. No event.
18:21:29: Timeout expired. No event.
18:21:29: Timeout expired. No event.
18:21:29: Timeout expired. No event.
18:21:29: Timeout expired. No event.
18:21:29: Timeout expired. No event.
18:21:29: Timeout expired. No event.
18:21:29: Timeout expired. No event.
18:21:29: Timeout expired. No event.
18:21:29: Timeout expired. No event.
18:21:29: Timeout expired. No event.
18:21:30: Timeout expired. No event.
18:21:30: Timeout expired. No event.
18:21:30: Timeout expired. No event.
18:21:30: Timeout expired. No event.
18:21:30: Timeout expired. No event.
18:21:30: Timeout expired. No event.
18:21:30: Timeout expired. No event.
18:21:30: Timeout expired. No event.
18:21:30: Timeout expired. No event.
18:21:30: Timeout expired. No event.
18:21:31: Timeout expired. No event.
18:21:31: Timeout expired. No event.
18:21:31: Timeout expired. No event.
18:21:31: Timeout expired. No event.
18:21:31: Timeout expired. No event.
18:21:31: Timeout expired. No event.
18:21:31: Timeout expired. No event.
18:21:31: Timeout expired. No event.
18:21:31: Timeout expired. No event.
18:21:31: Timeout expired. No event.
18:21:32: Timeout expired. No event.
18:21:32: Timeout expired. No event.
18:21:32: Timeout expired. No event.
18:21:32: Timeout expired. No event.
18:21:32: Timeout expired. No event.
18:21:32: Timeout expired. No event.
18:21:32: Timeout expired. No event.
18:21:32: Timeout expired. No event.
18:21:32: Timeout expired. No event.
18:21:32: Timeout expired. No event.
18:21:33: Timeout expired. No event.
18:21:33: Timeout expired. No event.
18:21:33: Timeout expired. No event.
18:21:33: Timeout expired. No event.
18:21:33: Timeout expired. No event.
18:21:33: Timeout expired. No event.
18:21:33: Timeout expired. No event.
18:21:33: Timeout expired. No event.
18:21:33: Timeout expired. No event.
18:21:33: Timeout expired. No event.
18:21:34: Timeout expired. No event.
18:21:34: Timeout expired. No event.
18:21:34: Timeout expired. No event.
18:21:34: Timeout expired. No event.
18:21:34: Timeout expired. No event.
18:21:34: Timeout expired. No event.
18:21:34: Timeout expired. No event.
18:21:34: Timeout expired. No event.
18:21:34: Timeout expired. No event.
18:21:34: Timeout expired. No event.
18:21:35: Timeout expired. No event.
18:21:35: Timeout expired. No event.
18:21:35: Timeout expired. No event.
18:21:35: Timeout expired. No event.
18:21:35: Timeout expired. No event.
18:21:35: Timeout expired. No event.
18:21:35: Timeout expired. No event.
18:21:35: Timeout expired. No event.
18:21:35: Timeout expired. No event.
18:21:36: Timeout expired. No event.
18:21:36: Timeout expired. No event.
18:21:36: Timeout expired. No event.
18:21:36: Timeout expired. No event.
18:21:36: Timeout expired. No event.
18:21:36: Timeout expired. No event.
18:21:36: Timeout expired. No event.
18:21:36: Timeout expired. No event.
18:21:36: Timeout expired. No event.
18:21:36: Timeout expired. No event.
18:21:37: Timeout expired. No event.
18:21:37: Timeout expired. No event.
18:21:37: Timeout expired. No event.
18:21:37: Timeout expired. No event.
18:21:37: Timeout expired. No event.
18:21:37: Timeout expired. No event.
18:21:37: Timeout expired. No event.
18:21:37: Timeout expired. No event.
18:21:37: Timeout expired. No event.
18:21:37: Timeout expired. No event.
18:21:38: Timeout expired. No event.
18:21:38: Timeout expired. No event.
18:21:38: Timeout expired. No event.
18:21:38: Timeout expired. No event.
18:21:38: Timeout expired. No event.
18:21:38: Timeout expired. No event.
18:21:38: Timeout expired. No event.
18:21:38: Timeout expired. No event.
18:21:38: Timeout expired. No event.
18:21:38: Timeout expired. No event.
18:21:39: Timeout expired. No event.
18:21:39: Timeout expired. No event.
18:21:39: Timeout expired. No event.
18:21:39: Timeout expired. No event.
18:21:39: Timeout expired. No event.
18:21:39: Timeout expired. No event.
18:21:39: Timeout expired. No event.
18:21:39: Timeout expired. No event.
18:21:39: Timeout expired. No event.
18:21:39: Timeout expired. No event.
18:21:40: Timeout expired. No event.
18:21:40: Timeout expired. No event.
18:21:40: Timeout expired. No event.
18:21:40: Timeout expired. No event.
18:21:40: Timeout expired. No event.
18:21:40: Timeout expired. No event.
18:21:40: Timeout expired. No event.
18:21:40: Timeout expired. No event.
18:21:40: Timeout expired. No event.
18:21:40: Timeout expired. No event.
18:21:41: Timeout expired. No event.
18:21:41: Timeout expired. No event.
18:21:41: Timeout expired. No event.
18:21:41: Timeout expired. No event.
18:21:41: Timeout expired. No event.
18:21:41: Timeout expired. No event.
18:21:41: Timeout expired. No event.
18:21:41: Timeout expired. No event.
18:21:41: Timeout expired. No event.
18:21:41: Timeout expired. No event.
18:21:42: Timeout expired. No event.
18:21:42: Timeout expired. No event.
18:21:42: Timeout expired. No event.
18:21:42: Timeout expired. No event.
18:21:42: Timeout expired. No event.
18:21:42: Timeout expired. No event.
18:21:42: Timeout expired. No event.
18:21:42: Got event
18:21:42: Editing
18:21:42: Got key event
18:21:42: Got Esc key event
18:21:42: Got event
18:21:43: Not editing
18:21:43: Got key event
18:21:43: Got Esc key event. Exiting application.
